<?xml version="1.0" encoding="UTF-8"?>
<testsuite xmlns:xsi="http://www.w3.org/2001/XMLSchema-instance" xsi:noNamespaceSchemaLocation="https://maven.apache.org/surefire/maven-surefire-plugin/xsd/surefire-test-report.xsd" name="demo.example.AppTest" time="0.154" tests="6" errors="0" skipped="0" failures="2">
  <properties>
[...]
</properties>
  <testcase name="shouldAnswerWithTrue" classname="demo.example.AppTest" time="0.009"/>
  <testcase name="testGetNameSize" classname="demo.example.AppTest" time="0"/>
  <testcase name="testGetNameForNull{int}[1]" classname="demo.example.AppTest" time="0.052"/>
  <testcase name="testGetNameForNull{int}[2]" classname="demo.example.AppTest" time="0.001"/>
  <testcase name="testGetNameForNull{int}[3]" classname="demo.example.AppTest" time="0.034">
    <failure message="expected: &lt;null&gt; but was: &lt;Vivek&gt;" type="org.opentest4j.AssertionFailedError"><![CDATA[org.opentest4j.AssertionFailedError: expected: <null> but was: <Vivek>
	at demo.example.AppTest.testGetNameForNull(AppTest.java:50)
]]></failure>
  </testcase>
  <testcase name="testGetNameForNull{int}[4]" classname="demo.example.AppTest" time="0">
    <failure message="expected: &lt;null&gt; but was: &lt;Magi&gt;" type="org.opentest4j.AssertionFailedError"><![CDATA[org.opentest4j.AssertionFailedError: expected: <null> but was: <Magi>
	at demo.example.AppTest.testGetNameForNull(AppTest.java:50)
]]></failure>
  </testcase>
</testsuite>